c:\users\daniel\documents\visual studio 2015\projects\2501gameproject1\2501gameproject\debug\vc140.pdb
c:\users\daniel\documents\visual studio 2015\projects\2501gameproject1\2501gameproject\debug\vc140.idb
c:\users\daniel\documents\visual studio 2015\projects\2501gameproject1\2501gameproject\debug\creaturestone.obj
c:\users\daniel\documents\visual studio 2015\projects\2501gameproject1\2501gameproject\debug\enemy.obj
c:\users\daniel\documents\visual studio 2015\projects\2501gameproject1\2501gameproject\debug\game.obj
c:\users\daniel\documents\visual studio 2015\projects\2501gameproject1\2501gameproject\debug\guy.obj
c:\users\daniel\documents\visual studio 2015\projects\2501gameproject1\2501gameproject\debug\guycontroller.obj
c:\users\daniel\documents\visual studio 2015\projects\2501gameproject1\2501gameproject\debug\item.obj
c:\users\daniel\documents\visual studio 2015\projects\2501gameproject1\2501gameproject\debug\level.obj
c:\users\daniel\documents\visual studio 2015\projects\2501gameproject1\2501gameproject\debug\main.obj
c:\users\daniel\documents\visual studio 2015\projects\2501gameproject1\2501gameproject\debug\model.obj
c:\users\daniel\documents\visual studio 2015\projects\2501gameproject1\2501gameproject\debug\potion.obj
c:\users\daniel\documents\visual studio 2015\projects\2501gameproject1\2501gameproject\debug\projectile.obj
c:\users\daniel\documents\visual studio 2015\projects\2501gameproject1\2501gameproject\debug\slime.obj
c:\users\daniel\documents\visual studio 2015\projects\2501gameproject1\2501gameproject\debug\spider.obj
c:\users\daniel\documents\visual studio 2015\projects\2501gameproject1\2501gameproject\debug\spiderboss.obj
c:\users\daniel\documents\visual studio 2015\projects\2501gameproject1\2501gameproject\debug\spidercontroller.obj
c:\users\daniel\documents\visual studio 2015\projects\2501gameproject1\2501gameproject\debug\tank.obj
c:\users\daniel\documents\visual studio 2015\projects\2501gameproject1\2501gameproject\debug\tankcontroller.obj
c:\users\daniel\documents\visual studio 2015\projects\2501gameproject1\2501gameproject\debug\updateable.obj
c:\users\daniel\documents\visual studio 2015\projects\2501gameproject1\2501gameproject\debug\view.obj
c:\users\daniel\documents\visual studio 2015\projects\2501gameproject1\2501gameproject\debug\weapon.obj
c:\users\daniel\documents\visual studio 2015\projects\2501gameproject1\2501gameproject\debug\ant.obj
c:\users\daniel\documents\visual studio 2015\projects\2501gameproject1\2501gameproject\debug\antcontroller.obj
c:\users\daniel\documents\visual studio 2015\projects\2501gameproject1\2501gameproject\debug\area.obj
c:\users\daniel\documents\visual studio 2015\projects\2501gameproject1\2501gameproject\debug\armour.obj
c:\users\daniel\documents\visual studio 2015\projects\2501gameproject1\2501gameproject\debug\bigboss.obj
c:\users\daniel\documents\visual studio 2015\projects\2501gameproject1\2501gameproject\debug\bigbullet.obj
c:\users\daniel\documents\visual studio 2015\projects\2501gameproject1\2501gameproject\debug\boulder.obj
c:\users\daniel\documents\visual studio 2015\projects\2501gameproject1\2501gameproject\debug\bullet.obj
c:\users\daniel\documents\visual studio 2015\projects\2501gameproject1\2501gameproject\debug\controller.obj
c:\users\daniel\documents\visual studio 2015\projects\2501gameproject1\2501gameproject\debug\creature.obj
c:\users\daniel\documents\visual studio 2015\projects\2501gameproject1\debug\2501gameproject.ilk
c:\users\daniel\documents\visual studio 2015\projects\2501gameproject1\debug\2501gameproject.exe
c:\users\daniel\documents\visual studio 2015\projects\2501gameproject1\debug\2501gameproject.pdb
c:\users\daniel\documents\visual studio 2015\projects\2501gameproject1\2501gameproject\debug\2501gameproject.tlog\cl.command.1.tlog
c:\users\daniel\documents\visual studio 2015\projects\2501gameproject1\2501gameproject\debug\2501gameproject.tlog\cl.read.1.tlog
c:\users\daniel\documents\visual studio 2015\projects\2501gameproject1\2501gameproject\debug\2501gameproject.tlog\cl.write.1.tlog
c:\users\daniel\documents\visual studio 2015\projects\2501gameproject1\2501gameproject\debug\2501gameproject.tlog\link.command.1.tlog
c:\users\daniel\documents\visual studio 2015\projects\2501gameproject1\2501gameproject\debug\2501gameproject.tlog\link.read.1.tlog
c:\users\daniel\documents\visual studio 2015\projects\2501gameproject1\2501gameproject\debug\2501gameproject.tlog\link.write.1.tlog
